INFO 2025-03-04 17:23:39,481 autoreload Watching for file changes with StatReloader
INFO 2025-03-04 17:23:59,167 autoreload C:\Users\Ferra\Desktop\gowno\projekt\settings.py changed, reloading.
INFO 2025-03-04 17:24:00,781 autoreload Watching for file changes with StatReloader
INFO 2025-03-04 17:24:23,796 autoreload C:\Users\Ferra\Desktop\gowno\konta\forms.py changed, reloading.
INFO 2025-03-04 17:24:25,592 autoreload Watching for file changes with StatReloader
INFO 2025-03-04 17:25:47,393 autoreload Watching for file changes with StatReloader
DEBUG 2025-03-04 17:26:01,230 forms Validating email: jegfaffmfgod854@bn7steps.com
DEBUG 2025-03-04 17:26:01,230 forms Validating username: czufgfmffpi337
DEBUG 2025-03-04 17:26:01,492 forms User profile created for user: jegfaffmfgod854@bn7steps.com
INFO 2025-03-04 17:29:12,822 autoreload C:\Users\Ferra\Desktop\gowno\konta\forms.py changed, reloading.
INFO 2025-03-04 17:29:14,478 autoreload Watching for file changes with StatReloader
INFO 2025-03-04 17:31:15,460 autoreload Watching for file changes with StatReloader
INFO 2025-03-04 17:32:31,092 autoreload Watching for file changes with StatReloader
DEBUG 2025-03-04 17:32:44,209 forms Validating email: jegfaffmfgdfgod854@bn7steps.com
DEBUG 2025-03-04 17:32:44,210 forms Email 'jegfaffmfgdfgod854@bn7steps.com' is unique and valid, proceeding to save.
DEBUG 2025-03-04 17:32:44,210 forms Validating username: czufggdffmffpi337
DEBUG 2025-03-04 17:32:44,221 adapters Saving user with email: jegfaffmfgdfgod854@bn7steps.com, before save: is_active=True
DEBUG 2025-03-04 17:32:44,228 adapters User saved with email: jegfaffmfgdfgod854@bn7steps.com, after save: is_active=True
DEBUG 2025-03-04 17:32:44,240 forms Saving user with email: jegfaffmfgdfgod854@bn7steps.com, is_active: True
DEBUG 2025-03-04 17:32:44,249 forms User profile created for user: jegfaffmfgdfgod854@bn7steps.com
